<?xml version="1.0" encoding="UTF-8"?>
<testsuite xmlns:xsi="http://www.w3.org/2001/XMLSchema-instance" xsi:noNamespaceSchemaLocation="https://maven.apache.org/surefire/maven-surefire-plugin/xsd/surefire-test-report-3.0.xsd" version="3.0" name="it.unina.webtech.VisitaControllerTest" time="1.275" tests="7" errors="0" skipped="0" failures="0">
  <properties>
[...]
</properties>
  <testcase name="testCheckVisita_EmailEmpty" classname="it.unina.webtech.VisitaControllerTest" time="0.002"/>
  <testcase name="testCheckVisita_EmailValidIdPositive" classname="it.unina.webtech.VisitaControllerTest" time="1.262"/>
  <testcase name="testCheckVisita_EmailValidIdNegativ" classname="it.unina.webtech.VisitaControllerTest" time="0.001"/>
  <testcase name="testCheckVisita_EmailInvalid" classname="it.unina.webtech.VisitaControllerTest" time="0.001"/>
  <testcase name="testCheckVisita_EmailNull" classname="it.unina.webtech.VisitaControllerTest" time="0.001"/>
  <testcase name="testCheckVisita_EmailValidIdNull" classname="it.unina.webtech.VisitaControllerTest" time="0.001"/>
  <testcase name="testCheckVisita_EmailValidIdZero" classname="it.unina.webtech.VisitaControllerTest" time="0.001"/>
</testsuite>